[DIAG] Empleados*Días: 420, con turnos trabajo: 316, solo LIBRE: 104 (24.8%)
[v3] Dos curvas activas: 1112 slots con holgura (ideal > mínimo)
[v3] Etapa 1 - Cobertura mínimo: 12 slots con déficit | Cobertura ideal: 292 slots bajo ideal
[COLACIONES] Detectados 242 turnos con colación definida
[COLACIONES] Iniciando asignación inteligente...
[COLACIONES v5] Excedente desde brechas: 776 slots
  2026-03-30 07:30: excedente=0
  2026-03-30 08:00: excedente=0
  2026-03-30 08:30: excedente=0
  2026-03-30 09:00: excedente=0
  2026-03-30 09:30: excedente=0
  2026-03-30 10:00: excedente=0
  2026-03-30 10:30: excedente=0
  2026-03-30 11:00: excedente=0
[COLACIONES v5] 242 turnos necesitan colación
[COLACIONES v5] ✓ 12345678-9: 12:00 (excedente=1)
[COLACIONES v5] ⚠️ 12345678-9: 12:00 (excedente=0)
[COLACIONES v5] ✓ 12345678-9: 12:00 (excedente=2)
[COLACIONES v5] ⚠️ 12345678-9: 12:00 (excedente=0)
[COLACIONES v5] ✓ 12345678-9: 12:00 (excedente=2)
[COLACIONES v5] ✓ 12345678-9: 12:00 (excedente=1)
[COLACIONES v5] ✓ 12345678-9: 12:00 (excedente=1)
[COLACIONES v5] ✓ 12345678-9: 12:00 (excedente=1)
[COLACIONES v5] ⚠️ 12345678-9: 12:00 (excedente=0)
[COLACIONES v5] ✓ 12345678-9: 12:00 (excedente=2)
[COLACIONES v5] ✓ 12345678-9: 12:00 (excedente=1)
[COLACIONES v5] ✓ 12345678-9: 12:00 (excedente=1)
[COLACIONES v5] ⚠️ 13875945-8: 11:00 (excedente=0)
[COLACIONES v5] ✓ 13875945-8: 12:00 (excedente=2)
[COLACIONES v5] ✓ 13875945-8: 12:00 (excedente=2)
[COLACIONES v5] ⚠️ 13875945-8: 11:00 (excedente=0)
[COLACIONES v5] ⚠️ 13875945-8: 11:00 (excedente=0)
[COLACIONES v5] ⚠️ 15777895-1: 11:00 (excedente=0)
[COLACIONES v5] ✓ 15777895-1: 12:00 (excedente=2)
[COLACIONES v5] ✓ 15777895-1: 12:00 (excedente=2)
[COLACIONES v5] ⚠️ 15777895-1: 11:00 (excedente=0)
[COLACIONES v5] ⚠️ 17375535-K: 11:00 (excedente=0)
[COLACIONES v5] ✓ 17375535-K: 12:00 (excedente=2)
[COLACIONES v5] ⚠️ 17375535-K: 11:00 (excedente=0)
[COLACIONES v5] ✓ 17375535-K: 12:00 (excedente=2)
[COLACIONES v5] ⚠️ 17375535-K: 11:00 (excedente=0)
[COLACIONES v5] ⚠️ 17375535-K: 11:00 (excedente=0)
[COLACIONES v5] ✓ 175268458-9: 12:00 (excedente=2)
[COLACIONES v5] ✓ 175268458-9: 12:00 (excedente=2)
[COLACIONES v5] ✓ 175268458-9: 12:30 (excedente=1)
[COLACIONES v5] ✓ 175268458-9: 12:00 (excedente=2)
[COLACIONES v5] ✓ 175268458-9: 12:00 (excedente=1)
[COLACIONES v5] ⚠️ 17654321-9: 12:00 (solapamiento=1)
[COLACIONES v5] ⚠️ 17654321-9: 11:00 (excedente=0)
[COLACIONES v5] ⚠️ 17654321-9: 11:00 (excedente=0)
[COLACIONES v5] ⚠️ 17654321-9: 11:00 (excedente=0)
[COLACIONES v5] ⚠️ 17654321-9: 11:00 (excedente=0)
[COLACIONES v5] ✓ 17654321-9: 12:00 (excedente=2)
[COLACIONES v5] ⚠️ 17654321-9: 11:00 (excedente=0)
[COLACIONES v5] ⚠️ 21038278-K: 11:00 (excedente=0)
[COLACIONES v5] ⚠️ 21038278-K: 11:00 (excedente=0)
[COLACIONES v5] ⚠️ 21038278-K: 11:00 (excedente=0)
[COLACIONES v5] ⚠️ 21038278-K: 11:00 (excedente=0)
[COLACIONES v5] ⚠️ 21456789-1: 12:00 (excedente=0, solapamiento=1)
[COLACIONES v5] ⚠️ 21456789-1: 11:00 (excedente=0)
[COLACIONES v5] ⚠️ 21456789-1: 12:00 (solapamiento=1)
[COLACIONES v5] ⚠️ 21456789-1: 11:00 (excedente=0)
[COLACIONES v5] ⚠️ 21456789-1: 12:00 (solapamiento=1)
[COLACIONES v5] ⚠️ 21456789-1: 12:00 (solapamiento=1)
[COLACIONES v5] ⚠️ 21456789-1: 12:00 (solapamiento=1)
[COLACIONES v5] ⚠️ 21456789-1: 12:00 (excedente=0, solapamiento=1)
[COLACIONES v5] ✓ 21456789-1: 12:00 (excedente=2)
[COLACIONES v5] ⚠️ 21456789-1: 12:00 (solapamiento=1)
[COLACIONES v5] ⚠️ 21456789-1: 12:00 (excedente=0, solapamiento=1)
[COLACIONES v5] ⚠️ 21456789-1: 12:00 (solapamiento=1)
[COLACIONES v5] ⚠️ 21456789-1: 12:00 (excedente=0, solapamiento=1)
[COLACIONES v5] ⚠️ 22427708-3: 11:00 (excedente=-1, solapamiento=1)
[COLACIONES v5] ⚠️ 22427708-3: 12:00 (excedente=-1, solapamiento=1)
[COLACIONES v5] ⚠️ 22427708-3: 12:00 (solapamiento=1)
[COLACIONES v5] ⚠️ 22427708-3: 11:00 (excedente=-1, solapamiento=1)
[COLACIONES v5] ⚠️ 22427708-3: 12:00 (solapamiento=1)
[COLACIONES v5] ⚠️ 22427708-3: 11:00 (excedente=-1, solapamiento=1)
[COLACIONES v5] ⚠️ 22427708-3: 12:00 (excedente=0, solapamiento=1)
[COLACIONES v5] ⚠️ 22427708-3: 11:00 (excedente=-1, solapamiento=1)
[COLACIONES v5] ⚠️ 22427708-3: 11:00 (excedente=-1, solapamiento=1)
[COLACIONES v5] ⚠️ 22427708-3: 11:00 (excedente=-1, solapamiento=1)
[COLACIONES v5] ⚠️ 22427708-3: 11:00 (excedente=0)
[COLACIONES v5] ⚠️ 22427708-3: 11:00 (excedente=0)
[COLACIONES v5] ⚠️ 22427708-3: 11:00 (excedente=-1, solapamiento=1)
[COLACIONES v5] ⚠️ 22427708-3: 11:00 (excedente=-1, solapamiento=1)
[COLACIONES v5] ⚠️ 22427708-3: 11:00 (excedente=-1, solapamiento=1)
[COLACIONES v5] ⚠️ 24567890-1: 11:00 (excedente=0)
[COLACIONES v5] ⚠️ 24567890-1: 11:00 (excedente=-1, solapamiento=1)
[COLACIONES v5] ⚠️ 24567890-1: 12:00 (solapamiento=1)
[COLACIONES v5] ⚠️ 24567890-1: 12:00 (excedente=0, solapamiento=1)
[COLACIONES v5] ⚠️ 25123845-8: 12:00 (solapamiento=1)
[COLACIONES v5] ⚠️ 25123845-8: 12:00 (solapamiento=1)
[COLACIONES v5] ⚠️ 25123845-8: 12:00 (solapamiento=1)
[COLACIONES v5] ⚠️ 25123845-8: 12:00 (excedente=0, solapamiento=1)
[COLACIONES v5] ✓ 25123845-8: 12:00 (excedente=2)
[COLACIONES v5] ⚠️ 25589838-8: 11:00 (excedente=-1, solapamiento=1)
[COLACIONES v5] ⚠️ 25589838-8: 11:00 (excedente=-1, solapamiento=1)
[COLACIONES v5] ⚠️ 25589838-8: 11:00 (excedente=-1, solapamiento=1)
[COLACIONES v5] ⚠️ 25589838-8: 11:00 (excedente=-1, solapamiento=1)
[COLACIONES v5] ⚠️ 26411457-8: 12:00 (excedente=-1, solapamiento=1)
[COLACIONES v5] ⚠️ 26411457-8: 12:00 (excedente=0, solapamiento=2)
[COLACIONES v5] ⚠️ 26411457-8: 11:00 (excedente=-1, solapamiento=1)
[COLACIONES v5] ⚠️ 26411457-8: 11:00 (excedente=-1, solapamiento=1)
[COLACIONES v5] ⚠️ 26411457-8: 11:00 (excedente=0)
[COLACIONES v5] ⚠️ 26411457-8: 11:00 (excedente=-1, solapamiento=1)
[COLACIONES v5] ⚠️ 8222478-5: 11:00 (excedente=-1, solapamiento=1)
[COLACIONES v5] ⚠️ 8222478-5: 11:00 (excedente=-1, solapamiento=1)
[COLACIONES v5] ⚠️ 8222478-5: 11:00 (excedente=-1, solapamiento=1)
[COLACIONES v5] ⚠️ 8222478-5: 12:00 (solapamiento=1)
[COLACIONES v5] ⚠️ 8222478-5: 12:00 (excedente=-1, solapamiento=1)
[COLACIONES v5] ⚠️ 9876543-1: 11:00 (excedente=-1, solapamiento=1)
[COLACIONES v5] ⚠️ 9876543-1: 11:00 (excedente=-1, solapamiento=1)
[COLACIONES v5] ⚠️ 9876543-1: 11:00 (excedente=-1, solapamiento=1)
[COLACIONES v5] ⚠️ 9876543-1: 11:00 (excedente=-1, solapamiento=1)
[COLACIONES v5] ✓ 175268458-9: 12:00 (excedente=1)
[COLACIONES v5] ✓ 175268458-9: 12:30 (excedente=1)
[COLACIONES v5] ✓ 175268458-9: 13:00 (excedente=2)
[COLACIONES v5] ✓ 21038278-K: 13:00 (excedente=1)
[COLACIONES v5] ✓ 21038278-K: 13:30 (excedente=1)
[COLACIONES v5] ✓ 21038278-K: 13:30 (excedente=1)
[COLACIONES v5] ⚠️ 21038278-K: 12:00 (solapamiento=1)
[COLACIONES v5] ✓ 22427708-3: 13:00 (excedente=1)
[COLACIONES v5] ⚠️ 25123845-8: 12:00 (excedente=0, solapamiento=1)
[COLACIONES v5] ⚠️ 25589838-8: 13:00 (excedente=0, solapamiento=1)
[COLACIONES v5] ⚠️ 25589838-8: 11:30 (excedente=0)
[COLACIONES v5] ⚠️ 25589838-8: 11:30 (excedente=0)
[COLACIONES v5] ⚠️ 25589838-8: 13:00 (solapamiento=1)
[COLACIONES v5] ✓ 26411457-8: 13:00 (excedente=2)
[COLACIONES v5] ✓ 12345678-9: 14:30 (excedente=1)
[COLACIONES v5] ⚠️ 12345678-9: 14:30 (excedente=0)
[COLACIONES v5] ✓ 12345678-9: 14:30 (excedente=1)
[COLACIONES v5] ✓ 12345678-9: 14:30 (excedente=1)
[COLACIONES v5] ✓ 12345678-9: 14:30 (excedente=1)
[COLACIONES v5] ✓ 12345678-9: 14:30 (excedente=1)
[COLACIONES v5] ⚠️ 12345678-9: 14:30 (excedente=0)
[COLACIONES v5] ✓ 12345678-9: 14:30 (excedente=2)
[COLACIONES v5] ✓ 13875945-8: 14:30 (excedente=1)
[COLACIONES v5] ✓ 13875945-8: 14:30 (excedente=2)
[COLACIONES v5] ✓ 13875945-8: 14:30 (excedente=1)
[COLACIONES v5] ✓ 13875945-8: 14:30 (excedente=2)
[COLACIONES v5] ✓ 13875945-8: 15:30 (excedente=1)
[COLACIONES v5] ✓ 13875945-8: 14:30 (excedente=1)
[COLACIONES v5] ✓ 13875945-8: 14:30 (excedente=2)
[COLACIONES v5] ⚠️ 13875945-8: 14:30 (excedente=0)
[COLACIONES v5] ⚠️ 13875945-8: 15:30 (excedente=0)
[COLACIONES v5] ✓ 13875945-8: 15:30 (excedente=2)
[COLACIONES v5] ✓ 13875945-8: 14:30 (excedente=1)
[COLACIONES v5] ✓ 13875945-8: 14:30 (excedente=2)
[COLACIONES v5] ✓ 13875945-8: 14:30 (excedente=2)
[COLACIONES v5] ✓ 13875945-8: 14:30 (excedente=2)
[COLACIONES v5] ✓ 13875945-8: 14:30 (excedente=2)
[COLACIONES v5] ✓ 15777895-1: 14:30 (excedente=1)
[COLACIONES v5] ✓ 15777895-1: 15:30 (excedente=1)
[COLACIONES v5] ⚠️ 15777895-1: 15:30 (excedente=0)
[COLACIONES v5] ✓ 15777895-1: 15:30 (excedente=2)
[COLACIONES v5] ⚠️ 15777895-1: 15:30 (excedente=0)
[COLACIONES v5] ✓ 15777895-1: 15:30 (excedente=1)
[COLACIONES v5] ⚠️ 15777895-1: 14:30 (excedente=0)
[COLACIONES v5] ✓ 15777895-1: 15:30 (excedente=2)
[COLACIONES v5] ⚠️ 15777895-1: 15:30 (excedente=0)
[COLACIONES v5] ✓ 15777895-1: 15:30 (excedente=1)
[COLACIONES v5] ✓ 15777895-1: 15:30 (excedente=1)
[COLACIONES v5] ✓ 15777895-1: 15:30 (excedente=1)
[COLACIONES v5] ✓ 15777895-1: 14:30 (excedente=1)
[COLACIONES v5] ✓ 15777895-1: 14:30 (excedente=1)
[COLACIONES v5] ✓ 15777895-1: 15:30 (excedente=2)
[COLACIONES v5] ✓ 15777895-1: 15:30 (excedente=2)
[COLACIONES v5] ✓ 17375535-K: 14:30 (excedente=2)
[COLACIONES v5] ⚠️ 17375535-K: 15:30 (excedente=0)
[COLACIONES v5] ⚠️ 17375535-K: 16:30 (excedente=0)
[COLACIONES v5] ✓ 17375535-K: 14:30 (excedente=2)
[COLACIONES v5] ⚠️ 17375535-K: 16:30 (excedente=0)
[COLACIONES v5] ⚠️ 17375535-K: 15:30 (excedente=0)
[COLACIONES v5] ✓ 17375535-K: 15:30 (excedente=1)
[COLACIONES v5] ✓ 17375535-K: 14:30 (excedente=1)
[COLACIONES v5] ⚠️ 17375535-K: 16:30 (excedente=0)
[COLACIONES v5] ⚠️ 17375535-K: 16:30 (excedente=0)
[COLACIONES v5] ⚠️ 17375535-K: 16:30 (excedente=0)
[COLACIONES v5] ✓ 17375535-K: 14:30 (excedente=1)
[COLACIONES v5] ✓ 17375535-K: 15:30 (excedente=1)
[COLACIONES v5] ✓ 17375535-K: 15:30 (excedente=1)
[COLACIONES v5] ⚠️ 24567890-1: 16:30 (excedente=0)
[COLACIONES v5] ⚠️ 24567890-1: 16:30 (excedente=0)
[COLACIONES v5] ⚠️ 24567890-1: 14:30 (solapamiento=1)
[COLACIONES v5] ✓ 24567890-1: 15:30 (excedente=2)
[COLACIONES v5] ⚠️ 24567890-1: 16:30 (excedente=0)
[COLACIONES v5] ✓ 24567890-1: 15:30 (excedente=1)
[COLACIONES v5] ⚠️ 24567890-1: 16:30 (excedente=0)
[COLACIONES v5] ⚠️ 24567890-1: 16:30 (excedente=0)
[COLACIONES v5] ⚠️ 24567890-1: 16:30 (excedente=0)
[COLACIONES v5] ⚠️ 24567890-1: 14:30 (excedente=0, solapamiento=1)
[COLACIONES v5] ⚠️ 24567890-1: 14:30 (excedente=-1, solapamiento=1)
[COLACIONES v5] ⚠️ 24567890-1: 16:30 (excedente=0)
[COLACIONES v5] ⚠️ 24567890-1: 15:30 (excedente=0)
[COLACIONES v5] ⚠️ 24567890-1: 15:30 (excedente=0)
[COLACIONES v5] ⚠️ 24567890-1: 15:30 (excedente=0)
[COLACIONES v5] ✓ 24567890-1: 16:30 (excedente=1)
[COLACIONES v5] ✓ 26411457-8: 15:30 (excedente=1)
[COLACIONES v5] ⚠️ 26411457-8: 14:30 (excedente=0, solapamiento=1)
[COLACIONES v5] ⚠️ 26411457-8: 15:30 (solapamiento=1)
[COLACIONES v5] ✓ 26411457-8: 16:30 (excedente=2)
[COLACIONES v5] ⚠️ 26411457-8: 16:30 (excedente=0)
[COLACIONES v5] ⚠️ 26411457-8: 14:30 (excedente=-1, solapamiento=1)
[COLACIONES v5] ⚠️ 26411457-8: 16:30 (excedente=0)
[COLACIONES v5] ✓ 26411457-8: 15:30 (excedente=1)
[COLACIONES v5] ⚠️ 26411457-8: 15:30 (excedente=0, solapamiento=1)
[COLACIONES v5] ⚠️ 26411457-8: 14:30 (solapamiento=1)
[COLACIONES v5] ⚠️ 26411457-8: 16:30 (excedente=0)
[COLACIONES v5] ⚠️ 26411457-8: 16:30 (excedente=0)
[COLACIONES v5] ⚠️ 26411457-8: 16:30 (excedente=0)
[COLACIONES v5] ⚠️ 8222478-5: 15:30 (excedente=0)
[COLACIONES v5] ⚠️ 8222478-5: 16:30 (excedente=0)
[COLACIONES v5] ⚠️ 8222478-5: 14:30 (solapamiento=1)
[COLACIONES v5] ⚠️ 8222478-5: 16:30 (excedente=0)
[COLACIONES v5] ⚠️ 8222478-5: 14:30 (excedente=-1, solapamiento=1)
[COLACIONES v5] ⚠️ 8222478-5: 14:30 (excedente=0, solapamiento=1)
[COLACIONES v5] ⚠️ 8222478-5: 14:30 (excedente=0, solapamiento=1)
[COLACIONES v5] ⚠️ 8222478-5: 16:30 (excedente=0)
[COLACIONES v5] ⚠️ 8222478-5: 14:30 (excedente=0, solapamiento=1)
[COLACIONES v5] ⚠️ 8222478-5: 15:30 (excedente=-1, solapamiento=1)
[COLACIONES v5] ⚠️ 8222478-5: 15:30 (solapamiento=1)
[COLACIONES v5] ⚠️ 8222478-5: 16:30 (excedente=0)
[COLACIONES v5] ⚠️ 8222478-5: 14:30 (excedente=0, solapamiento=1)
[COLACIONES v5] ⚠️ 8222478-5: 16:30 (excedente=0)
[COLACIONES v5] ⚠️ 8222478-5: 14:30 (solapamiento=1)
[COLACIONES v5] ⚠️ 9876543-1: 16:30 (excedente=0)
[COLACIONES v5] ⚠️ 9876543-1: 15:30 (excedente=-1, solapamiento=1)
[COLACIONES v5] ⚠️ 9876543-1: 14:30 (excedente=0, solapamiento=1)
[COLACIONES v5] ⚠️ 9876543-1: 16:30 (excedente=-1, solapamiento=1)
[COLACIONES v5] ⚠️ 9876543-1: 14:30 (excedente=0, solapamiento=1)
[COLACIONES v5] ⚠️ 9876543-1: 15:30 (excedente=-1, solapamiento=1)
[COLACIONES v5] ⚠️ 9876543-1: 15:30 (excedente=-1, solapamiento=1)
[COLACIONES v5] ⚠️ 9876543-1: 14:30 (solapamiento=1)
[COLACIONES v5] ⚠️ 9876543-1: 14:30 (excedente=-1, solapamiento=1)
[COLACIONES v5] ⚠️ 9876543-1: 14:30 (excedente=0, solapamiento=1)
[COLACIONES v5] ⚠️ 9876543-1: 15:30 (excedente=0, solapamiento=1)
[COLACIONES v5] ✓ 9876543-1: 16:30 (excedente=1)
[COLACIONES v5] ⚠️ 9876543-1: 14:30 (excedente=0, solapamiento=1)
[COLACIONES v5] ⚠️ 9876543-1: 14:30 (solapamiento=1)
[COLACIONES v5] ⚠️ 9876543-1: 15:30 (solapamiento=1)
[COLACIONES v5] ⚠️ 9876543-1: 14:30 (solapamiento=1)
[COLACIONES v5] ⚠️ 25123845-8: 17:30 (excedente=0)
[COLACIONES v5] ⚠️ 25123845-8: 17:30 (excedente=0)
[COLACIONES v5] ⚠️ 12345678-9: 17:30 (excedente=0)
[COLACIONES v5] ⚠️ 12345678-9: 17:30 (excedente=0)
[COLACIONES v5] ⚠️ 17654321-9: 17:30 (excedente=0)
[COLACIONES v5] ⚠️ 17654321-9: 17:30 (excedente=0)
[COLACIONES v5] ⚠️ 17654321-9: 17:30 (excedente=0)
[COLACIONES v5] ⚠️ 17654321-9: 17:30 (excedente=0)
[COLACIONES v5] ⚠️ 17654321-9: 17:30 (excedente=0)
[COLACIONES v5] ⚠️ 17654321-9: 17:30 (excedente=0)
[COLACIONES v5] ⚠️ 17654321-9: 17:30 (excedente=0)
[COLACIONES v5] ⚠️ 17654321-9: 17:30 (excedente=0)
[COLACIONES v5] ⚠️ 17654321-9: 17:30 (excedente=0)
[COLACIONES v5] ⚠️ 21456789-1: 18:30 (excedente=0)
[COLACIONES v5] ⚠️ 21456789-1: 18:30 (excedente=0)
[COLACIONES v5] ⚠️ 21456789-1: 18:30 (excedente=0)
[COLACIONES v5] Resultado: 76 OK, 166 forzadas (total: 242)
[COLACIONES] Diagnóstico guardado en /app/storage/runs/62d66097-7e09-4efb-b6db-d5c4cecedd67/out/diagnostico_colaciones.csv
[COLACIONES] ✓ Todas las colaciones respetan el mínimo operativo
OK -> /app/storage/runs/62d66097-7e09-4efb-b6db-d5c4cecedd67/out

