[DIAG] Empleados*Días: 420, con turnos trabajo: 316, solo LIBRE: 104 (24.8%)
[v3] Dos curvas activas: 1112 slots con holgura (ideal > mínimo)
[v3] Etapa 1 - Cobertura mínimo: 12 slots con déficit | Cobertura ideal: 292 slots bajo ideal
[COLACIONES] Detectados 242 turnos con colación definida
[COLACIONES] Iniciando asignación inteligente...
[COLACIONES] Dotación inicial: 776 slots con personal
[COLACIONES] Demanda 2026-03-30: [(450, 2), (480, 2), (510, 2), (540, 2), (570, 2)]...
[COLACIONES] 242 turnos necesitan colación
[COLACIONES] Orden de asignación (por hora de entrada):
  - 12345678...: turno 07:30-16:00, ventana colación 10:30-12:30
  - 12345678...: turno 07:30-16:00, ventana colación 10:30-12:30
  - 12345678...: turno 07:30-16:00, ventana colación 10:30-12:30
  - 12345678...: turno 07:30-16:00, ventana colación 10:30-12:30
  - 12345678...: turno 07:30-16:00, ventana colación 10:30-12:30
  - 12345678...: turno 07:30-16:00, ventana colación 10:30-12:30
  - 12345678...: turno 07:30-16:00, ventana colación 10:30-12:30
  - 12345678...: turno 07:30-16:00, ventana colación 10:30-12:30
  - 12345678...: turno 07:30-16:00, ventana colación 10:30-12:30
  - 12345678...: turno 07:30-16:00, ventana colación 10:30-12:30
[COLACIONES] ✓ 12345678... 2026-03-30: 12:00 (holgura=4)
[COLACIONES] ✓ 12345678... 2026-03-31: 12:00 (holgura=5)
[COLACIONES] ✓ 12345678... 2026-04-01: 12:00 (holgura=5)
[COLACIONES] ✓ 12345678... 2026-04-02: 12:00 (holgura=6)
[COLACIONES] ✓ 12345678... 2026-04-03: 12:00 (holgura=4)
[COLACIONES] ✓ 12345678... 2026-04-06: 12:00 (holgura=5)
[COLACIONES] ✓ 12345678... 2026-04-07: 12:00 (holgura=4)
[COLACIONES] ✓ 12345678... 2026-04-08: 12:00 (holgura=4)
[COLACIONES] ✓ 12345678... 2026-04-09: 12:00 (holgura=5)
[COLACIONES] ✓ 12345678... 2026-04-10: 12:00 (holgura=5)
[COLACIONES] ✓ 12345678... 2026-04-16: 12:00 (holgura=5)
[COLACIONES] ✓ 12345678... 2026-04-24: 12:00 (holgura=6)
[COLACIONES] ✓ 13875945... 2026-04-06: 12:00 (holgura=4)
[COLACIONES] ✓ 13875945... 2026-04-16: 12:00 (holgura=4)
[COLACIONES] ✓ 15777895... 2026-04-01: 12:00 (holgura=4)
[COLACIONES] ✓ 15777895... 2026-04-02: 12:00 (holgura=5)
[COLACIONES] ✓ 15777895... 2026-04-03: 12:00 (holgura=3)
[COLACIONES] ✓ 15777895... 2026-04-07: 12:00 (holgura=3)
[COLACIONES] ✓ 15777895... 2026-04-09: 12:00 (holgura=4)
[COLACIONES] ✓ 15777895... 2026-04-10: 12:00 (holgura=4)
[COLACIONES] ✓ 15777895... 2026-04-15: 12:00 (holgura=7)
[COLACIONES] ✓ 15777895... 2026-04-21: 12:00 (holgura=5)
[COLACIONES] ✓ 17375535... 2026-04-01: 12:00 (holgura=3)
[COLACIONES] ✓ 17375535... 2026-04-07: 12:00 (holgura=2)
[COLACIONES] ✓ 17375535... 2026-04-08: 12:00 (holgura=3)
[COLACIONES] ✓ 17375535... 2026-04-11: 12:00 (holgura=7)
[COLACIONES] ✓ 17375535... 2026-04-17: 12:00 (holgura=4)
[COLACIONES] ✓ 17375535... 2026-04-18: 12:00 (holgura=6)
[COLACIONES] ✓ 17375535... 2026-04-20: 12:00 (holgura=5)
[COLACIONES] ✓ 17375535... 2026-04-23: 12:00 (holgura=5)
[COLACIONES] ✓ 17526845... 2026-04-04: 12:00 (holgura=5)
[COLACIONES] ✓ 17526845... 2026-04-11: 12:00 (holgura=6)
[COLACIONES] ✓ 17526845... 2026-04-18: 12:00 (holgura=5)
[COLACIONES] ✓ 17526845... 2026-04-25: 12:00 (holgura=7)
[COLACIONES] ✓ 17654321... 2026-03-31: 12:00 (holgura=4)
[COLACIONES] ✓ 17654321... 2026-04-01: 12:00 (holgura=2)
[COLACIONES] ✓ 17654321... 2026-04-02: 12:00 (holgura=4)
[COLACIONES] ✓ 17654321... 2026-04-06: 12:00 (holgura=3)
[COLACIONES] ✓ 17654321... 2026-04-14: 12:00 (holgura=5)
[COLACIONES] ✓ 17654321... 2026-04-15: 12:00 (holgura=6)
[COLACIONES] ✓ 17654321... 2026-04-16: 12:00 (holgura=3)
[COLACIONES] ✓ 17654321... 2026-04-17: 12:00 (holgura=3)
[COLACIONES] ✓ 17654321... 2026-04-21: 12:00 (holgura=4)
[COLACIONES] ✓ 17654321... 2026-04-22: 12:00 (holgura=5)
[COLACIONES] ✓ 17654321... 2026-04-24: 12:00 (holgura=5)
[COLACIONES] ✓ 21038278... 2026-04-04: 12:00 (holgura=4)
[COLACIONES] ✓ 21038278... 2026-04-11: 12:00 (holgura=5)
[COLACIONES] ✓ 21038278... 2026-04-18: 12:00 (holgura=4)
[COLACIONES] ✓ 21038278... 2026-04-25: 12:00 (holgura=6)
[COLACIONES] ✓ 21456789... 2026-04-08: 12:00 (holgura=2)
[COLACIONES] ✓ 21456789... 2026-04-09: 12:00 (holgura=3)
[COLACIONES] ✓ 21456789... 2026-04-13: 12:00 (holgura=6)
[COLACIONES] ✓ 21456789... 2026-04-14: 12:00 (holgura=4)
[COLACIONES] ✓ 21456789... 2026-04-15: 12:00 (holgura=5)
[COLACIONES] ✓ 21456789... 2026-04-20: 12:00 (holgura=4)
[COLACIONES] ✓ 21456789... 2026-04-21: 12:00 (holgura=3)
[COLACIONES] ✓ 21456789... 2026-04-22: 12:00 (holgura=4)
[COLACIONES] ✓ 21456789... 2026-04-23: 12:00 (holgura=4)
[COLACIONES] ✓ 22427708... 2026-03-30: 12:00 (holgura=3)
[COLACIONES] ✓ 22427708... 2026-04-02: 12:00 (holgura=3)
[COLACIONES] ✓ 22427708... 2026-04-03: 12:00 (holgura=2)
[COLACIONES] ✓ 22427708... 2026-04-06: 12:00 (holgura=2)
[COLACIONES] ✓ 22427708... 2026-04-07: 11:00 (holgura=2)
[COLACIONES] ✓ 22427708... 2026-04-13: 12:00 (holgura=5)
[COLACIONES] ✓ 22427708... 2026-04-16: 12:00 (holgura=2)
[COLACIONES] ✓ 22427708... 2026-04-17: 12:00 (holgura=2)
[COLACIONES] ✓ 22427708... 2026-04-20: 12:00 (holgura=3)
[COLACIONES] ✓ 22427708... 2026-04-22: 12:00 (holgura=3)
[COLACIONES] ✓ 22427708... 2026-04-24: 12:00 (holgura=4)
[COLACIONES] ✓ 24567890... 2026-03-30: 12:00 (holgura=2)
[COLACIONES] ✓ 24567890... 2026-04-10: 12:00 (holgura=3)
[COLACIONES] ✓ 24567890... 2026-04-13: 12:00 (holgura=4)
[COLACIONES] ✓ 24567890... 2026-04-23: 12:00 (holgura=3)
[COLACIONES] ✓ 25123845... 2026-04-04: 12:00 (holgura=3)
[COLACIONES] ✓ 25123845... 2026-04-11: 12:00 (holgura=4)
[COLACIONES] ✓ 25123845... 2026-04-18: 12:00 (holgura=3)
[COLACIONES] ✓ 25123845... 2026-04-25: 12:00 (holgura=5)
[COLACIONES] ✓ 25589838... 2026-04-04: 12:00 (holgura=2)
[COLACIONES] ✓ 25589838... 2026-04-11: 12:00 (holgura=3)
[COLACIONES] ✓ 25589838... 2026-04-18: 12:00 (holgura=2)
[COLACIONES] ✓ 25589838... 2026-04-25: 12:00 (holgura=4)
[COLACIONES] ✓ 26411457... 2026-03-31: 12:00 (holgura=3)
[COLACIONES] ✓ 26411457... 2026-04-04: 11:00 (holgura=2)
[COLACIONES] ✓ 26411457... 2026-04-08: 12:00 (holgura=1)
[COLACIONES] ✓ 26411457... 2026-04-11: 11:00 (holgura=3)
[COLACIONES] ✓ 26411457... 2026-04-14: 12:00 (holgura=3)
[COLACIONES] ✓ 26411457... 2026-04-15: 12:00 (holgura=4)
[COLACIONES] ✓ 26411457... 2026-04-21: 12:00 (holgura=2)
[COLACIONES] ✓ 26411457... 2026-04-22: 12:00 (holgura=2)
[COLACIONES] ✓ 26411457... 2026-04-24: 12:00 (holgura=3)
[COLACIONES] ✓ 8222478-... 2026-03-30: 12:00 (holgura=1)
[COLACIONES] ✓ 8222478-... 2026-03-31: 12:00 (holgura=2)
[COLACIONES] ✓ 8222478-... 2026-04-09: 12:00 (holgura=2)
[COLACIONES] ✓ 8222478-... 2026-04-10: 12:00 (holgura=2)
[COLACIONES] ✓ 8222478-... 2026-04-13: 12:00 (holgura=3)
[COLACIONES] ✓ 8222478-... 2026-04-14: 12:00 (holgura=2)
[COLACIONES] ✓ 8222478-... 2026-04-23: 12:00 (holgura=2)
[COLACIONES] ✓ 8222478-... 2026-04-25: 12:00 (holgura=3)
[COLACIONES] ✓ 9876543-... 2026-04-03: 12:00 (holgura=1)
[COLACIONES] ✓ 9876543-... 2026-04-07: 12:00 (holgura=1)
[COLACIONES] ✓ 9876543-... 2026-04-17: 12:00 (holgura=1)
[COLACIONES] ✓ 9876543-... 2026-04-20: 12:00 (holgura=2)
[COLACIONES] ✓ 13875945... 2026-04-02: 13:00 (holgura=6)
[COLACIONES] ✓ 13875945... 2026-04-24: 13:00 (holgura=6)
[COLACIONES] ✓ 15777895... 2026-04-13: 13:00 (holgura=6)
[COLACIONES] ✓ 17526845... 2026-04-05: 12:00 (holgura=5)
[COLACIONES] ✓ 17526845... 2026-04-12: 12:00 (holgura=4)
[COLACIONES] ✓ 21038278... 2026-04-05: 13:00 (holgura=5)
[COLACIONES] ✓ 21038278... 2026-04-12: 13:00 (holgura=4)
[COLACIONES] ✓ 21038278... 2026-04-19: 12:30 (holgura=5)
[COLACIONES] ✓ 21038278... 2026-04-26: 12:30 (holgura=5)
[COLACIONES] ✓ 22427708... 2026-04-01: 13:00 (holgura=5)
[COLACIONES] ✓ 22427708... 2026-04-09: 13:00 (holgura=5)
[COLACIONES] ✓ 22427708... 2026-04-10: 13:00 (holgura=5)
[COLACIONES] ✓ 22427708... 2026-04-15: 13:00 (holgura=7)
[COLACIONES] ✓ 22427708... 2026-04-23: 13:00 (holgura=5)
[COLACIONES] ✓ 25123845... 2026-04-05: 12:00 (holgura=4)
[COLACIONES] ✓ 25123845... 2026-04-12: 12:00 (holgura=3)
[COLACIONES] ✓ 25123845... 2026-04-19: 13:30 (holgura=5)
[COLACIONES] ✓ 25123845... 2026-04-26: 13:30 (holgura=5)
[COLACIONES] ✓ 25589838... 2026-04-05: 13:00 (holgura=4)
[COLACIONES] ✓ 25589838... 2026-04-12: 13:00 (holgura=3)
[COLACIONES] ✓ 25589838... 2026-04-19: 12:00 (holgura=4)
[COLACIONES] ✓ 25589838... 2026-04-26: 12:00 (holgura=4)
[COLACIONES] ✓ 8222478-... 2026-04-15: 13:00 (holgura=6)
[COLACIONES] ✓ 12345678... 2026-04-13: 14:30 (holgura=4)
[COLACIONES] ✓ 12345678... 2026-04-14: 14:30 (holgura=3)
[COLACIONES] ✓ 12345678... 2026-04-15: 14:30 (holgura=5)
[COLACIONES] ✓ 12345678... 2026-04-18: 14:30 (holgura=6)
[COLACIONES] ✓ 12345678... 2026-04-20: 14:30 (holgura=3)
[COLACIONES] ✓ 12345678... 2026-04-21: 14:30 (holgura=3)
[COLACIONES] ✓ 12345678... 2026-04-22: 14:30 (holgura=2)
[COLACIONES] ✓ 12345678... 2026-04-26: 14:30 (holgura=5)
[COLACIONES] ✓ 13875945... 2026-03-30: 14:30 (holgura=4)
[COLACIONES] ✓ 13875945... 2026-03-31: 14:30 (holgura=5)
[COLACIONES] ✓ 13875945... 2026-04-04: 14:30 (holgura=6)
[COLACIONES] ✓ 13875945... 2026-04-05: 14:30 (holgura=5)
[COLACIONES] ✓ 13875945... 2026-04-07: 14:30 (holgura=5)
[COLACIONES] ✓ 13875945... 2026-04-09: 14:30 (holgura=5)
[COLACIONES] ✓ 13875945... 2026-04-10: 14:30 (holgura=6)
[COLACIONES] ✓ 13875945... 2026-04-11: 14:30 (holgura=7)
[COLACIONES] ✓ 13875945... 2026-04-13: 15:30 (holgura=4)
[COLACIONES] ✓ 13875945... 2026-04-14: 15:30 (holgura=3)
[COLACIONES] ✓ 13875945... 2026-04-15: 14:30 (holgura=4)
[COLACIONES] ✓ 13875945... 2026-04-18: 15:30 (holgura=6)
[COLACIONES] ✓ 13875945... 2026-04-20: 15:30 (holgura=3)
[COLACIONES] ✓ 13875945... 2026-04-21: 15:30 (holgura=3)
[COLACIONES] ✓ 13875945... 2026-04-22: 15:30 (holgura=2)
[COLACIONES] ✓ 13875945... 2026-04-26: 15:30 (holgura=5)
[COLACIONES] ✓ 15777895... 2026-03-30: 14:30 (holgura=3)
[COLACIONES] ✓ 15777895... 2026-03-31: 14:30 (holgura=4)
[COLACIONES] ✓ 15777895... 2026-04-08: 14:30 (holgura=4)
[COLACIONES] ✓ 15777895... 2026-04-12: 14:30 (holgura=5)
[COLACIONES] ✓ 15777895... 2026-04-14: 14:30 (holgura=2)
[COLACIONES] ✓ 15777895... 2026-04-17: 14:30 (holgura=3)
[COLACIONES] ✓ 15777895... 2026-04-19: 14:30 (holgura=5)
[COLACIONES] ✓ 15777895... 2026-04-20: 14:30 (holgura=2)
[COLACIONES] ✓ 15777895... 2026-04-23: 14:30 (holgura=5)
[COLACIONES] ✓ 15777895... 2026-04-24: 14:30 (holgura=4)
[COLACIONES] ✓ 15777895... 2026-04-25: 14:30 (holgura=7)
[COLACIONES] ✓ 17375535... 2026-03-31: 15:30 (holgura=4)
[COLACIONES] ✓ 17375535... 2026-04-02: 14:30 (holgura=5)
[COLACIONES] ✓ 17375535... 2026-04-04: 15:30 (holgura=6)
[COLACIONES] ✓ 17375535... 2026-04-05: 15:30 (holgura=5)
[COLACIONES] ✓ 17375535... 2026-04-06: 14:30 (holgura=3)
[COLACIONES] ✓ 17375535... 2026-04-10: 14:30 (holgura=5)
[COLACIONES] ✓ 17375535... 2026-04-13: 14:30 (holgura=3)
[COLACIONES] ✓ 17375535... 2026-04-15: 15:30 (holgura=4)
[COLACIONES] ✓ 17375535... 2026-04-16: 14:30 (holgura=3)
[COLACIONES] ✓ 17375535... 2026-04-24: 15:30 (holgura=4)
[COLACIONES] ✓ 17375535... 2026-04-25: 15:30 (holgura=7)
[COLACIONES] ✓ 17375535... 2026-04-26: 16:30 (holgura=5)
[COLACIONES] ✓ 24567890... 2026-04-02: 14:30 (holgura=4)
[COLACIONES] ✓ 24567890... 2026-04-03: 14:30 (holgura=4)
[COLACIONES] ✓ 24567890... 2026-04-04: 14:30 (holgura=5)
[COLACIONES] ✓ 24567890... 2026-04-05: 16:30 (holgura=5)
[COLACIONES] ✓ 24567890... 2026-04-06: 14:30 (holgura=2)
[COLACIONES] ✓ 24567890... 2026-04-09: 14:30 (holgura=4)
[COLACIONES] ✓ 24567890... 2026-04-11: 15:30 (holgura=7)
[COLACIONES] ✓ 24567890... 2026-04-12: 15:30 (holgura=5)
[COLACIONES] ✓ 24567890... 2026-04-15: 16:30 (holgura=4)
[COLACIONES] ✓ 24567890... 2026-04-16: 15:30 (holgura=3)
[COLACIONES] ✓ 24567890... 2026-04-17: 15:30 (holgura=3)
[COLACIONES] ✓ 24567890... 2026-04-18: 14:30 (holgura=5)
[COLACIONES] ✓ 24567890... 2026-04-20: 15:30 (holgura=2)
[COLACIONES] ✓ 24567890... 2026-04-22: 16:30 (holgura=2)
[COLACIONES] ✓ 24567890... 2026-04-24: 14:30 (holgura=3)
[COLACIONES] ✓ 24567890... 2026-04-25: 14:30 (holgura=6)
[COLACIONES] ✓ 26411457... 2026-04-01: 14:30 (holgura=5)
[COLACIONES] ✓ 26411457... 2026-04-02: 15:30 (holgura=4)
[COLACIONES] ✓ 26411457... 2026-04-03: 14:30 (holgura=3)
[COLACIONES] ✓ 26411457... 2026-04-07: 14:30 (holgura=4)
[COLACIONES] ✓ 26411457... 2026-04-09: 14:30 (holgura=3)
[COLACIONES] ✓ 26411457... 2026-04-12: 16:30 (holgura=5)
[COLACIONES] ✓ 26411457... 2026-04-16: 14:30 (holgura=2)
[COLACIONES] ✓ 26411457... 2026-04-17: 14:30 (holgura=2)
[COLACIONES] ✓ 26411457... 2026-04-19: 15:30 (holgura=5)
[COLACIONES] ✓ 26411457... 2026-04-23: 14:30 (holgura=4)
[COLACIONES] ✓ 26411457... 2026-04-25: 15:30 (holgura=6)
[COLACIONES] ✓ 8222478-... 2026-04-01: 14:30 (holgura=4)
[COLACIONES] ✓ 8222478-... 2026-04-02: 16:30 (holgura=4)
[COLACIONES] ✓ 8222478-... 2026-04-03: 15:30 (holgura=3)
[COLACIONES] ✓ 8222478-... 2026-04-06: 15:30 (holgura=2)
[COLACIONES] ✓ 8222478-... 2026-04-08: 14:30 (holgura=3)
[COLACIONES] ✓ 8222478-... 2026-04-11: 14:30 (holgura=6)
[COLACIONES] ✓ 8222478-... 2026-04-18: 15:30 (holgura=5)
[COLACIONES] ✓ 8222478-... 2026-04-19: 16:30 (holgura=5)
[COLACIONES] ✓ 8222478-... 2026-04-21: 14:30 (holgura=2)
[COLACIONES] ✓ 8222478-... 2026-04-22: 14:30 (holgura=1)
[COLACIONES] ✓ 8222478-... 2026-04-26: 14:30 (holgura=4)
[COLACIONES] ✓ 9876543-... 2026-03-30: 15:30 (holgura=3)
[COLACIONES] ✓ 9876543-... 2026-03-31: 14:30 (holgura=3)
[COLACIONES] ✓ 9876543-... 2026-04-01: 14:30 (holgura=3)
[COLACIONES] ✓ 9876543-... 2026-04-05: 14:30 (holgura=4)
[COLACIONES] ✓ 9876543-... 2026-04-06: 14:30 (holgura=1)
[COLACIONES] ✓ 9876543-... 2026-04-08: 15:30 (holgura=3)
[COLACIONES] ✓ 9876543-... 2026-04-10: 14:30 (holgura=4)
[COLACIONES] ✓ 9876543-... 2026-04-11: 15:30 (holgura=6)
[COLACIONES] ✓ 9876543-... 2026-04-13: 15:30 (holgura=3)
[COLACIONES] ✓ 9876543-... 2026-04-14: 15:30 (holgura=2)
[COLACIONES] ✓ 9876543-... 2026-04-16: 15:30 (holgura=2)
[COLACIONES] ✓ 9876543-... 2026-04-19: 14:30 (holgura=4)
[COLACIONES] ✓ 9876543-... 2026-04-21: 15:30 (holgura=2)
[COLACIONES] ✓ 9876543-... 2026-04-23: 15:30 (holgura=4)
[COLACIONES] ✓ 9876543-... 2026-04-24: 15:30 (holgura=3)
[COLACIONES] ✓ 9876543-... 2026-04-25: 14:30 (holgura=5)
[COLACIONES] ✓ 17526845... 2026-04-19: 15:30 (holgura=4)
[COLACIONES] ✓ 17526845... 2026-04-26: 15:30 (holgura=4)
[COLACIONES] ✓ 12345678... 2026-04-04: 17:00 (holgura=1)
[COLACIONES] ✓ 12345678... 2026-04-12: 17:00 (holgura=1)
[COLACIONES] ✓ 17654321... 2026-04-03: 17:30 (holgura=1)
[COLACIONES] ✓ 17654321... 2026-04-07: 17:30 (holgura=1)
[COLACIONES] ✓ 17654321... 2026-04-08: 17:30 (holgura=1)
[COLACIONES] ✓ 17654321... 2026-04-09: 17:30 (holgura=1)
[COLACIONES] ✓ 17654321... 2026-04-23: 17:30 (holgura=1)
[COLACIONES] ✓ 21456789... 2026-03-30: 17:30 (holgura=1)
[COLACIONES] ✓ 21456789... 2026-03-31: 17:30 (holgura=2)
[COLACIONES] ✓ 21456789... 2026-04-01: 17:30 (holgura=1)
[COLACIONES] ✓ 21456789... 2026-04-02: 17:30 (holgura=2)
[COLACIONES] ✓ 21456789... 2026-04-07: 18:30 (holgura=1)
[COLACIONES] ✓ 21456789... 2026-04-10: 17:30 (holgura=1)
[COLACIONES] ✓ 21456789... 2026-04-17: 17:30 (holgura=1)
[COLACIONES] Resultado: 242 OK, 0 forzadas
[COLACIONES] Diagnóstico guardado en /app/storage/runs/cba346a1-8ebf-4193-a634-3413d072b2af/out/diagnostico_colaciones.csv
[COLACIONES] ✓ Todas las colaciones respetan el mínimo operativo
OK -> /app/storage/runs/cba346a1-8ebf-4193-a634-3413d072b2af/out

